<?xml version="1.0" encoding="UTF-8"?>
<testng-results ignored="0" total="1" passed="1" failed="0" skipped="0">
  <reporter-output>
  </reporter-output>
  <suite started-at="2021-03-04T23:33:21Z" name="Default suite" finished-at="2021-03-04T23:33:44Z" duration-ms="23624">
    <groups>
    </groups>
    <test started-at="2021-03-04T23:33:21Z" name="Default test" finished-at="2021-03-04T23:33:44Z" duration-ms="23624">
      <class name="com.vimeo.qa.testCases.SearchPageTest">
        <test-method is-config="true" signature="setup()[pri:0, instance:com.vimeo.qa.testCases.SearchPageTest@e7edb54]" started-at="2021-03-04T23:33:21Z" name="setup" finished-at="2021-03-04T23:33:43Z" duration-ms="22483" status="PASS">
          <reporter-output>
          </reporter-output>
        </test-method> <!-- setup -->
        <test-method signature="verifyVideosData()[pri:2, instance:com.vimeo.qa.testCases.SearchPageTest@e7edb54]" started-at="2021-03-04T23:33:43Z" name="verifyVideosData" finished-at="2021-03-04T23:33:43Z" duration-ms="248" status="PASS">
          <reporter-output>
          </reporter-output>
        </test-method> <!-- verifyVideosData -->
        <test-method is-config="true" signature="tearDown()[pri:0, instance:com.vimeo.qa.testCases.SearchPageTest@e7edb54]" started-at="2021-03-04T23:33:43Z" name="tearDown" finished-at="2021-03-04T23:33:44Z" duration-ms="858" status="PASS">
          <reporter-output>
          </reporter-output>
        </test-method> <!-- tearDown -->
      </class> <!-- com.vimeo.qa.testCases.SearchPageTest -->
    </test> <!-- Default test -->
  </suite> <!-- Default suite -->
</testng-results>
