<?xml version="1.0" encoding="UTF-8"?>
<!-- Generated by org.testng.reporters.JUnitReportReporter -->
<testsuite hostname="Manish" failures="0" tests="2" name="com.vimeo.qa.testCases.HomePageTest" time="53.681" errors="0" timestamp="04 Mar 2021 22:15:10 GMT" skipped="0">
  <testcase classname="com.vimeo.qa.testCases.HomePageTest" name="verifyUsername" time="24.459"/>
  <testcase classname="com.vimeo.qa.testCases.HomePageTest" name="clickOnSearchPageLink" time="29.222"/>
</testsuite> <!-- com.vimeo.qa.testCases.HomePageTest -->
