<?xml version="1.0" encoding="UTF-8"?>
<!-- Generated by org.testng.reporters.JUnitReportReporter -->
<testsuite hostname="Manish" failures="0" tests="2" name="com.vimeo.qa.testCases.LoginPageTest" time="19.480" errors="0" timestamp="04 Mar 2021 22:15:10 GMT" skipped="0">
  <testcase classname="com.vimeo.qa.testCases.LoginPageTest" name="loginPageTitleTest" time="8.664"/>
  <testcase classname="com.vimeo.qa.testCases.LoginPageTest" name="loginTest" time="10.816"/>
</testsuite> <!-- com.vimeo.qa.testCases.LoginPageTest -->
