<?xml version="1.0" encoding="UTF-8"?>
<!-- Generated by org.testng.reporters.JUnitXMLReporter -->
<testsuite ignored="0" hostname="Manish" failures="0" tests="10" name="Vimeo Test Cases" time="278.446" errors="0" timestamp="04 Mar 2021 22:15:09 GMT">
  <testcase classname="com.vimeo.qa.testCases.LoginPageTest" name="loginPageTitleTest" time="0.037"/>
  <testcase classname="com.vimeo.qa.testCases.HomePageTest" name="verifyUsername" time="14.017"/>
  <testcase classname="com.vimeo.qa.testCases.SearchPageTest" name="verifyTotalData" time="0.105"/>
  <testcase classname="com.vimeo.qa.testCases.OnDemandTest" name="verifyTotalData" time="0.285"/>
  <testcase classname="com.vimeo.qa.testCases.PeopleTest" name="verifyTotalData" time="4.976"/>
  <testcase classname="com.vimeo.qa.testCases.ChannelTest" name="verifyTotalData" time="2.717"/>
  <testcase classname="com.vimeo.qa.testCases.GroupTest" name="verifyTotalData" time="2.664"/>
  <testcase classname="com.vimeo.qa.testCases.LoginPageTest" name="loginTest" time="1.274"/>
  <testcase classname="com.vimeo.qa.testCases.HomePageTest" name="clickOnSearchPageLink" time="19.658"/>
  <testcase classname="com.vimeo.qa.testCases.SearchPageTest" name="verifyVideosData" time="1.068"/>
</testsuite> <!-- Vimeo Test Cases -->
